0 info it worked if it ends with ok
1 verbose cli [ 'F:\\nodejs\\node.exe',
1 verbose cli   'C:\\Users\\90927\\AppData\\Roaming\\npm\\node_modules\\npm\\bin\\npm-cli.js',
1 verbose cli   'publish' ]
2 info using npm@4.0.0
3 info using node@v4.4.5
4 verbose publish [ '.' ]
5 silly cache add args [ '.', null ]
6 verbose cache add spec .
7 silly cache add parsed spec Result {
7 silly cache add   raw: '.',
7 silly cache add   scope: null,
7 silly cache add   escapedName: null,
7 silly cache add   name: null,
7 silly cache add   rawSpec: '.',
7 silly cache add   spec: 'F:\\Android\\Project\\multi-image-selector',
7 silly cache add   type: 'directory' }
8 verbose addLocalDirectory C:\Users\90927\AppData\Roaming\npm-cache\multi-image-selector\1.0.0\package.tgz not in flight; packing
9 verbose correctMkdir C:\Users\90927\AppData\Roaming\npm-cache correctMkdir not in flight; initializing
10 info lifecycle multi-image-selector@1.0.0~prepublish: multi-image-selector@1.0.0
11 silly lifecycle multi-image-selector@1.0.0~prepublish: no script for prepublish, continuing
12 info lifecycle multi-image-selector@1.0.0~prepare: multi-image-selector@1.0.0
13 silly lifecycle multi-image-selector@1.0.0~prepare: no script for prepare, continuing
14 verbose tar pack [ 'C:\\Users\\90927\\AppData\\Roaming\\npm-cache\\multi-image-selector\\1.0.0\\package.tgz',
14 verbose tar pack   'F:\\Android\\Project\\multi-image-selector' ]
15 verbose tarball C:\Users\90927\AppData\Roaming\npm-cache\multi-image-selector\1.0.0\package.tgz
16 verbose folder F:\Android\Project\multi-image-selector
17 verbose addLocalTarball adding from inside cache C:\Users\90927\AppData\Roaming\npm-cache\multi-image-selector\1.0.0\package.tgz
18 verbose correctMkdir C:\Users\90927\AppData\Roaming\npm-cache correctMkdir not in flight; initializing
19 silly cache afterAdd multi-image-selector@1.0.0
20 verbose afterAdd C:\Users\90927\AppData\Roaming\npm-cache\multi-image-selector\1.0.0\package\package.json not in flight; writing
21 verbose correctMkdir C:\Users\90927\AppData\Roaming\npm-cache correctMkdir not in flight; initializing
22 verbose afterAdd C:\Users\90927\AppData\Roaming\npm-cache\multi-image-selector\1.0.0\package\package.json written
23 silly publish { name: 'multi-image-selector',
23 silly publish   version: '1.0.0',
23 silly publish   description: 'image multi select for react-native ',
23 silly publish   main: 'index.js',
23 silly publish   scripts: { test: 'echo "Error: no test specified" && exit 1' },
23 silly publish   keywords: [ 'image', 'select', 'multi' ],
23 silly publish   author: { name: 'free_ls' },
23 silly publish   license: 'MIT',
23 silly publish   readme: 'ERROR: No README data found!',
23 silly publish   _id: 'multi-image-selector@1.0.0',
23 silly publish   _shasum: '5dbc1122f6cba7f86862d51d8b9d6dd052f2317c',
23 silly publish   _from: '.' }
24 info lifecycle multi-image-selector@1.0.0~prepublishOnly: multi-image-selector@1.0.0
25 silly lifecycle multi-image-selector@1.0.0~prepublishOnly: no script for prepublishOnly, continuing
26 verbose getPublishConfig undefined
27 silly mapToRegistry name multi-image-selector
28 silly mapToRegistry using default registry
29 silly mapToRegistry registry http://registry.cnpmjs.org/
30 silly mapToRegistry data Result {
30 silly mapToRegistry   raw: 'multi-image-selector',
30 silly mapToRegistry   scope: null,
30 silly mapToRegistry   escapedName: 'multi-image-selector',
30 silly mapToRegistry   name: 'multi-image-selector',
30 silly mapToRegistry   rawSpec: '',
30 silly mapToRegistry   spec: 'latest',
30 silly mapToRegistry   type: 'tag' }
31 silly mapToRegistry uri http://registry.cnpmjs.org/multi-image-selector
32 verbose publish registryBase http://registry.cnpmjs.org/
33 silly publish uploading C:\Users\90927\AppData\Roaming\npm-cache\multi-image-selector\1.0.0\package.tgz
34 verbose request uri http://registry.cnpmjs.org/multi-image-selector
35 verbose request sending authorization for write operation
36 info attempt registry request try #1 at 14:41:30
37 verbose request id bb7c343aea5ac969
38 http request PUT http://registry.cnpmjs.org/multi-image-selector
39 http 413 http://registry.cnpmjs.org/multi-image-selector
40 verbose headers { server: 'nginx/1.4.6 (Ubuntu)',
40 verbose headers   date: 'Mon, 07 Nov 2016 06:43:23 GMT',
40 verbose headers   'content-type': 'text/plain; charset=utf-8',
40 verbose headers   'content-length': '17',
40 verbose headers   connection: 'keep-alive' }
41 verbose request invalidating C:\Users\90927\AppData\Roaming\npm-cache\registry.cnpmjs.org\multi-image-selector on PUT
42 error publish Failed PUT 413
43 verbose stack Error: 413 Payload Too Large
43 verbose stack     at makeError (C:\Users\90927\AppData\Roaming\npm\node_modules\npm\node_modules\npm-registry-client\lib\request.js:302:12)
43 verbose stack     at CachingRegistryClient.<anonymous> (C:\Users\90927\AppData\Roaming\npm\node_modules\npm\node_modules\npm-registry-client\lib\request.js:253:9)
43 verbose stack     at Request._callback (C:\Users\90927\AppData\Roaming\npm\node_modules\npm\node_modules\npm-registry-client\lib\request.js:210:14)
43 verbose stack     at Request.self.callback (C:\Users\90927\AppData\Roaming\npm\node_modules\npm\node_modules\request\request.js:187:22)
43 verbose stack     at emitTwo (events.js:87:13)
43 verbose stack     at Request.emit (events.js:172:7)
43 verbose stack     at Request.<anonymous> (C:\Users\90927\AppData\Roaming\npm\node_modules\npm\node_modules\request\request.js:1048:10)
43 verbose stack     at emitOne (events.js:77:13)
43 verbose stack     at Request.emit (events.js:169:7)
43 verbose stack     at IncomingMessage.<anonymous> (C:\Users\90927\AppData\Roaming\npm\node_modules\npm\node_modules\request\request.js:969:12)
44 verbose statusCode 413
45 verbose cwd F:\Android\Project\multi-image-selector
46 error Windows_NT 10.0.14393
47 error argv "F:\\nodejs\\node.exe" "C:\\Users\\90927\\AppData\\Roaming\\npm\\node_modules\\npm\\bin\\npm-cli.js" "publish"
48 error node v4.4.5
49 error npm  v4.0.0
50 error code E413
51 error 413 Payload Too Large
52 error If you need help, you may report this error at:
52 error     <https://github.com/npm/npm/issues>
53 verbose exit [ 1, true ]
